# JRE version: Java(TM) SE Runtime Environment (8.0_121-b13) (build 1.8.0_121-b13)
# Java VM: Java HotSpot(TM) 64-Bit Server VM (25.121-b13 mixed mode bsd-amd64 compressed oops)
Heap:
 PSYoungGen      total 1223168K, used 490383K [0x000000076ab00000, 0x00000007c0000000, 0x00000007c0000000)
  eden space 1048576K, 46% used [0x000000076ab00000,0x00000007889e3f78,0x00000007aab00000)
  from space 174592K, 0% used [0x00000007aab00000,0x00000007aab00000,0x00000007b5580000)
  to   space 174592K, 0% used [0x00000007b5580000,0x00000007b5580000,0x00000007c0000000)
 ParOldGen       total 2796544K, used 67997K [0x00000006c0000000, 0x000000076ab00000, 0x000000076ab00000)
  object space 2796544K, 2% used [0x00000006c0000000,0x00000006c4267518,0x000000076ab00000)
 Metaspace       used 26058K, capacity 26276K, committed 26496K, reserved 1073152K
  class space    used 3557K, capacity 3654K, committed 3712K, reserved 1048576K
GC Heap History (10 events):
Event: 5.968 GC heap before
{Heap before GC invocations=1 (full 0):
 PSYoungGen      total 1223168K, used 62922K [0x000000076ab00000, 0x00000007c0000000, 0x00000007c0000000)
  eden space 1048576K, 6% used [0x000000076ab00000,0x000000076e872958,0x00000007aab00000)
  from space 174592K, 0% used [0x00000007b5580000,0x00000007b5580000,0x00000007c0000000)
  to   space 174592K, 0% used [0x00000007aab00000,0x00000007aab00000,0x00000007b5580000)
 ParOldGen       total 2796544K, used 0K [0x00000006c0000000, 0x000000076ab00000, 0x000000076ab00000)
  object space 2796544K, 0% used [0x00000006c0000000,0x00000006c0000000,0x000000076ab00000)
 Metaspace       used 9693K, capacity 9808K, committed 9984K, reserved 1058816K
  class space    used 1150K, capacity 1170K, committed 1280K, reserved 1048576K
Event: 5.974 GC heap after
Heap after GC invocations=1 (full 0):
 PSYoungGen      total 1223168K, used 5096K [0x000000076ab00000, 0x00000007c0000000, 0x00000007c0000000)
  eden space 1048576K, 0% used [0x000000076ab00000,0x000000076ab00000,0x00000007aab00000)
  from space 174592K, 2% used [0x00000007aab00000,0x00000007aaffa250,0x00000007b5580000)
  to   space 174592K, 0% used [0x00000007b5580000,0x00000007b5580000,0x00000007c0000000)
 ParOldGen       total 2796544K, used 80K [0x00000006c0000000, 0x000000076ab00000, 0x000000076ab00000)
  object space 2796544K, 0% used [0x00000006c0000000,0x00000006c0014010,0x000000076ab00000)
 Metaspace       used 9693K, capacity 9808K, committed 9984K, reserved 1058816K
  class space    used 1150K, capacity 1170K, committed 1280K, reserved 1048576K
}
Event: 5.974 GC heap before
{Heap before GC invocations=2 (full 1):
 PSYoungGen      total 1223168K, used 5096K [0x000000076ab00000, 0x00000007c0000000, 0x00000007c0000000)
  eden space 1048576K, 0% used [0x000000076ab00000,0x000000076ab00000,0x00000007aab00000)
  from space 174592K, 2% used [0x00000007aab00000,0x00000007aaffa250,0x00000007b5580000)
  to   space 174592K, 0% used [0x00000007b5580000,0x00000007b5580000,0x00000007c0000000)
 ParOldGen       total 2796544K, used 80K [0x00000006c0000000, 0x000000076ab00000, 0x000000076ab00000)
  object space 2796544K, 0% used [0x00000006c0000000,0x00000006c0014010,0x000000076ab00000)
 Metaspace       used 9693K, capacity 9808K, committed 9984K, reserved 1058816K
  class space    used 1150K, capacity 1170K, committed 1280K, reserved 1048576K
Event: 5.990 GC heap after
Heap after GC invocations=2 (full 1):
 PSYoungGen      total 1223168K, used 0K [0x000000076ab00000, 0x00000007c0000000, 0x00000007c0000000)
  eden space 1048576K, 0% used [0x000000076ab00000,0x000000076ab00000,0x00000007aab00000)
  from space 174592K, 0% used [0x00000007aab00000,0x00000007aab00000,0x00000007b5580000)
  to   space 174592K, 0% used [0x00000007b5580000,0x00000007b5580000,0x00000007c0000000)
 ParOldGen       total 2796544K, used 4863K [0x00000006c0000000, 0x000000076ab00000, 0x000000076ab00000)
  object space 2796544K, 0% used [0x00000006c0000000,0x00000006c04bffa8,0x000000076ab00000)
 Metaspace       used 9693K, capacity 9808K, committed 9984K, reserved 1058816K
  class space    used 1150K, capacity 1170K, committed 1280K, reserved 1048576K
}
Event: 16.885 GC heap before
{Heap before GC invocations=3 (full 1):
 PSYoungGen      total 1223168K, used 1048576K [0x000000076ab00000, 0x00000007c0000000, 0x00000007c0000000)
  eden space 1048576K, 100% used [0x000000076ab00000,0x00000007aab00000,0x00000007aab00000)
  from space 174592K, 0% used [0x00000007aab00000,0x00000007aab00000,0x00000007b5580000)
  to   space 174592K, 0% used [0x00000007b5580000,0x00000007b5580000,0x00000007c0000000)
 ParOldGen       total 2796544K, used 4863K [0x00000006c0000000, 0x000000076ab00000, 0x000000076ab00000)
  object space 2796544K, 0% used [0x00000006c0000000,0x00000006c04bffa8,0x000000076ab00000)
 Metaspace       used 19413K, capacity 19620K, committed 19968K, reserved 1067008K
  class space    used 2347K, capacity 2438K, committed 2560K, reserved 1048576K
Event: 16.976 GC heap after
Heap after GC invocations=3 (full 1):
 PSYoungGen      total 1223168K, used 77915K [0x000000076ab00000, 0x00000007c0000000, 0x00000007c0000000)
  eden space 1048576K, 0% used [0x000000076ab00000,0x000000076ab00000,0x00000007aab00000)
  from space 174592K, 44% used [0x00000007b5580000,0x00000007ba196fb0,0x00000007c0000000)
  to   space 174592K, 0% used [0x00000007aab00000,0x00000007aab00000,0x00000007b5580000)
 ParOldGen       total 2796544K, used 4871K [0x00000006c0000000, 0x000000076ab00000, 0x000000076ab00000)
  object space 2796544K, 0% used [0x00000006c0000000,0x00000006c04c1fa8,0x000000076ab00000)
 Metaspace       used 19413K, capacity 19620K, committed 19968K, reserved 1067008K
  class space    used 2347K, capacity 2438K, committed 2560K, reserved 1048576K
}
Event: 18.293 GC heap before
{Heap before GC invocations=4 (full 1):
 PSYoungGen      total 1223168K, used 339220K [0x000000076ab00000, 0x00000007c0000000, 0x00000007c0000000)
  eden space 1048576K, 24% used [0x000000076ab00000,0x000000077aa2e2a0,0x00000007aab00000)
  from space 174592K, 44% used [0x00000007b5580000,0x00000007ba196fb0,0x00000007c0000000)
  to   space 174592K, 0% used [0x00000007aab00000,0x00000007aab00000,0x00000007b5580000)
 ParOldGen       total 2796544K, used 4871K [0x00000006c0000000, 0x000000076ab00000, 0x000000076ab00000)
  object space 2796544K, 0% used [0x00000006c0000000,0x00000006c04c1fa8,0x000000076ab00000)
 Metaspace       used 20821K, capacity 21092K, committed 21248K, reserved 1067008K
  class space    used 2647K, capacity 2758K, committed 2816K, reserved 1048576K
Event: 18.361 GC heap after
Heap after GC invocations=4 (full 1):
 PSYoungGen      total 1223168K, used 67174K [0x000000076ab00000, 0x00000007c0000000, 0x00000007c0000000)
  eden space 1048576K, 0% used [0x000000076ab00000,0x000000076ab00000,0x00000007aab00000)
  from space 174592K, 38% used [0x00000007aab00000,0x00000007aec99830,0x00000007b5580000)
  to   space 174592K, 0% used [0x00000007b5580000,0x00000007b5580000,0x00000007c0000000)
 ParOldGen       total 2796544K, used 4879K [0x00000006c0000000, 0x000000076ab00000, 0x000000076ab00000)
  object space 2796544K, 0% used [0x00000006c0000000,0x00000006c04c3fa8,0x000000076ab00000)
 Metaspace       used 20821K, capacity 21092K, committed 21248K, reserved 1067008K
  class space    used 2647K, capacity 2758K, committed 2816K, reserved 1048576K
}
Event: 18.361 GC heap before
{Heap before GC invocations=5 (full 2):
 PSYoungGen      total 1223168K, used 67174K [0x000000076ab00000, 0x00000007c0000000, 0x00000007c0000000)
  eden space 1048576K, 0% used [0x000000076ab00000,0x000000076ab00000,0x00000007aab00000)
  from space 174592K, 38% used [0x00000007aab00000,0x00000007aec99830,0x00000007b5580000)
  to   space 174592K, 0% used [0x00000007b5580000,0x00000007b5580000,0x00000007c0000000)
 ParOldGen       total 2796544K, used 4879K [0x00000006c0000000, 0x000000076ab00000, 0x000000076ab00000)
  object space 2796544K, 0% used [0x00000006c0000000,0x00000006c04c3fa8,0x000000076ab00000)
 Metaspace       used 20821K, capacity 21092K, committed 21248K, reserved 1067008K
  class space    used 2647K, capacity 2758K, committed 2816K, reserved 1048576K
Event: 18.602 GC heap after
Heap after GC invocations=5 (full 2):
 PSYoungGen      total 1223168K, used 0K [0x000000076ab00000, 0x00000007c0000000, 0x00000007c0000000)
  eden space 1048576K, 0% used [0x000000076ab00000,0x000000076ab00000,0x00000007aab00000)
  from space 174592K, 0% used [0x00000007aab00000,0x00000007aab00000,0x00000007b5580000)
  to   space 174592K, 0% used [0x00000007b5580000,0x00000007b5580000,0x00000007c0000000)
 ParOldGen       total 2796544K, used 67997K [0x00000006c0000000, 0x000000076ab00000, 0x000000076ab00000)
  object space 2796544K, 2% used [0x00000006c0000000,0x00000006c4267518,0x000000076ab00000)
 Metaspace       used 20821K, capacity 21092K, committed 21248K, reserved 1067008K
  class space    used 2647K, capacity 2758K, committed 2816K, reserved 1048576K
}

